{"Data":{"Vue":{"Events":[],"ResultType":"GitHubEvent"},"Router":{"Events":[{"Id":"7180983249","Type":"PullRequestEvent","CreatedAt":"2018-02-01T02:08:25","Actor":"aweiu","Repository":"vuejs/vue-router","Organization":"vuejs","RawContent":null,"RelatedAction":"closed","RelatedUrl":"https://github.com/vuejs/vue-router/pull/2010","RelatedDescription":"Closed pull request \"Update router.d.ts\" (#2010) at vuejs/vue-router","RelatedBody":"fix type for string[] value of query\r\n\r\n<!--\r\nPlease make sure to read the Pull Request Guidelines:\r\nhttps://github.com/vuejs/vue/blob/dev/.github/CONTRIBUTING.md#pull-request-guidelines\r\n-->\r\n"}],"ResultType":"GitHubEvent"},"Vuex":{"Events":[{"Id":"7181476014","Type":"PullRequestEvent","CreatedAt":"2018-02-01T05:17:14","Actor":"kiaking","Repository":"vuejs/vuex","Organization":"vuejs","RawContent":null,"RelatedAction":"opened","RelatedUrl":"https://github.com/vuejs/vuex/pull/1146","RelatedDescription":"Opened pull request \"Add missing semicolon and space to the type files\" (#1146) at vuejs/vuex","RelatedBody":"Small fix that adds missing semicolon and space in the typing files. Cheers ðŸº "},{"Id":"7181270271","Type":"IssuesEvent","CreatedAt":"2018-02-01T03:51:43","Actor":"hello-guoguo","Repository":"vuejs/vuex","Organization":"vuejs","RawContent":null,"RelatedAction":"opened","RelatedUrl":"https://github.com/vuejs/vuex/issues/1145","RelatedDescription":"Opened issue \"bug: window npm install,it's error!\" (#1145) at vuejs/vuex","RelatedBody":"### Version\r\n3.0.1\r\n\r\n### Reproduction link\r\n[https://github.com/vuejs/vuex.git](https://github.com/vuejs/vuex.git)\r\n\r\n### Steps to reproduce\r\ngit clone https://github.com/vuejs/vuex.git\r\ncd vuex\r\nnpm i\r\n======\r\nand it's error.\r\nerror code:\r\nnpm ERR! code ELIFECYCLE\r\nnpm ERR! errno 1\r\nnpm ERR! chromedriver@2.32.3 install: `node install.js`\r\nnpm ERR! Exit status 1\r\nnpm ERR!\r\nnpm ERR! Failed at the chromedriver@2.32.3 install script.\r\nnpm ERR! This is probably not a problem with npm. There is likely additional log\r\nging output above.\r\n\r\nnpm ERR! A complete log of this run can be found in:\r\nnpm ERR!     C:\\Users\\Administrator\\AppData\\Roaming\\npm-cache\\_logs\\2018-02-01T0\r\n3_38_17_639Z-debug.log\r\n\r\n### What is expected?\r\nnpm i  ===>success\r\n\r\n### What is actually happening?\r\nnpm i ===>error\r\n\r\n<!-- generated by vue-issues. DO NOT REMOVE -->"},{"Id":"7181247847","Type":"IssuesEvent","CreatedAt":"2018-02-01T03:43:15","Actor":"vue-issue-bot","Repository":"vuejs/vuex","Organization":"vuejs","RawContent":null,"RelatedAction":"closed","RelatedUrl":"https://github.com/vuejs/vuex/issues/1144","RelatedDescription":"Closed issue \"windows  npm install    error!\" (#1144) at vuejs/vuex","RelatedBody":"## when I git clone it and npm install,it's error.\r\n## error code:\r\n```\r\nnpm ERR! code ELIFECYCLE\r\nnpm ERR! errno 1\r\nnpm ERR! chromedriver@2.32.3 install: `node install.js`\r\nnpm ERR! Exit status 1\r\nnpm ERR!\r\nnpm ERR! Failed at the chromedriver@2.32.3 install script.\r\nnpm ERR! This is probably not a problem with npm. There is likely additional log\r\nging output above.\r\n\r\nnpm ERR! A complete log of this run can be found in:\r\nnpm ERR!     C:\\Users\\Administrator\\AppData\\Roaming\\npm-cache\\_logs\\2018-02-01T0\r\n3_38_17_639Z-debug.log\r\n```\r\n## how to do,now?\r\n"},{"Id":"7181247818","Type":"IssuesEvent","CreatedAt":"2018-02-01T03:43:14","Actor":"hello-guoguo","Repository":"vuejs/vuex","Organization":"vuejs","RawContent":null,"RelatedAction":"opened","RelatedUrl":"https://github.com/vuejs/vuex/issues/1144","RelatedDescription":"Opened issue \"windows  npm install    error!\" (#1144) at vuejs/vuex","RelatedBody":"## when I git clone it and npm install,it's error.\r\n## error code:\r\n```\r\nnpm ERR! code ELIFECYCLE\r\nnpm ERR! errno 1\r\nnpm ERR! chromedriver@2.32.3 install: `node install.js`\r\nnpm ERR! Exit status 1\r\nnpm ERR!\r\nnpm ERR! Failed at the chromedriver@2.32.3 install script.\r\nnpm ERR! This is probably not a problem with npm. There is likely additional log\r\nging output above.\r\n\r\nnpm ERR! A complete log of this run can be found in:\r\nnpm ERR!     C:\\Users\\Administrator\\AppData\\Roaming\\npm-cache\\_logs\\2018-02-01T0\r\n3_38_17_639Z-debug.log\r\n```\r\n## how to do,now?\r\n"}],"ResultType":"GitHubEvent"}},"RunOn":"2018-02-01T05:30:32.126747Z","RunDurationInMilliseconds":1949}